<?xml version="1.0" encoding="UTF-8"?>
<!-- Generated by org.testng.reporters.JUnitReportReporter -->
<testsuite skipped="0" hostname="DESKTOP-84K23BF" name="FlipkartTest" tests="2" failures="0" timestamp="2020-07-10T19:10:58 IST" time="61.816" errors="0">
  <testcase name="FlipkartScenario" time="33.593" classname="FlipkartTest"/>
  <system-out/>
  <testcase name="FlipkartScenario" time="28.223" classname="FlipkartTest"/>
  <system-out/>
</testsuite> <!-- FlipkartTest -->
